This is XeTeX, Version 3.14159265-2.6-0.999991 (TeX Live 2019/Debian) (preloaded format=xelatex 2024.8.23)  9 SEP 2024 16:17
entering extended mode
 restricted \write18 enabled.
 %&-line parsing enabled.
**cv-martinovic-BiH-en.tex
(/usr/share/texlive/texmf-dist/tex/latex/tools/x.tex
LaTeX2e <2020-02-02> patch level 2
L3 programming layer <2020-02-14>
! .
l.38   \batchmode \errmessage{}
                               \csname @@end\endcsname \end
This error message was generated by an \errmessage
command, so I can't give any explicit help.
Pretend that you're Hercule Poirot: Examine all clues,
and deduce the truth by order and method.

 ) 
Here is how much of TeX's memory you used:
 18 strings out of 479819
 430 string characters out of 5895846
 243731 words of memory out of 5000000
 17240 multiletter control sequences out of 15000+600000
 532338 words of font info for 24 fonts, out of 8000000 for 9000
 1348 hyphenation exceptions out of 8191
 12i,0n,15p,104b,8s stack positions out of 5000i,500n,10000p,200000b,80000s

No pages of output.
